[0.009s] Invoking command in '/home/ws/build/mit_mini_cheeta_motor_driver': CMAKE_PREFIX_PATH=${CMAKE_PREFIX_PATH}:/opt/ros/jazzy /usr/bin/cmake --build /home/ws/build/mit_mini_cheeta_motor_driver -- -j24 -l24
[0.063s] [ 20%] [32mBuilding CXX object CMakeFiles/mit_mini_cheeta_motor_driver.dir/src/MotorDriver.cpp.o[0m
[0.063s] [ 40%] [32mBuilding CXX object CMakeFiles/mit_mini_cheeta_motor_driver.dir/src/ROS2_CAN_Motor.cpp.o[0m
[0.141s] [01m[K/home/ws/src/mit_mini_cheeta_motor_driver/src/MotorDriver.cpp:21:54:[m[K [01;35m[Kwarning: [m[Kmissing terminating " character
[0.141s]    21 |         RCLCPP_ERROR(rclcpp::get_logger("CANMotor"), [01;35m[K"[m[KUnknown motor type: %s. Exiting)
[0.141s]       |                                                      [01;35m[K^[m[K
[0.141s] [01m[K/home/ws/src/mit_mini_cheeta_motor_driver/src/MotorDriver.cpp:21:54:[m[K [01;31m[Kerror: [m[Kmissing terminating " character
[0.141s]    21 |         RCLCPP_ERROR(rclcpp::get_logger("CANMotor"), [01;31m[K"Unknown motor type: %s. Exiting)[m[K
[0.141s]       |                                                      [01;31m[K^~~~~~~~~~~~~~~~~~~~~~~~~~~~~~~~~[m[K
[0.274s] [01m[K/home/ws/src/mit_mini_cheeta_motor_driver/src/MotorDriver.cpp:[m[K In function ‘[01m[Kmotor_driver::MotorType motor_driver::[01;32m[KstringToMotorType[m[K(const std::string&)[m[K’:
[0.274s] [01m[K/home/ws/src/mit_mini_cheeta_motor_driver/src/MotorDriver.cpp:17:41:[m[K [01;31m[Kerror: [m[K‘[01m[KAK70_10_V1p1[m[K’ is not a member of ‘[01m[Kmotor_driver::MotorType[m[K’
[0.274s]    17 |         return motor_driver::MotorType::[01;31m[KAK70_10_V1p1[m[K;
[0.274s]       |                                         [01;31m[K^~~~~~~~~~~~[m[K
[0.274s] [01m[K/home/ws/src/mit_mini_cheeta_motor_driver/src/MotorDriver.cpp:21:22:[m[K [01;31m[Kerror: [m[K‘[01m[Krclcpp[m[K’ has not been declared
[0.274s]    21 |         RCLCPP_ERROR([01;31m[Krclcpp[m[K::get_logger("CANMotor"), "Unknown motor type: %s. Exiting)
[0.274s]       |                      [01;31m[K^~~~~~[m[K
[0.274s] [01m[K/home/ws/src/mit_mini_cheeta_motor_driver/src/MotorDriver.cpp:23:13:[m[K [01;31m[Kerror: [m[Ktoo few arguments to function ‘[01m[Kvoid[01;32m[K exit[m[K(int)[m[K’
[0.274s]    23 |         [01;31m[Kexit()[m[K;
[0.274s]       |         [01;31m[K~~~~^~[m[K
[0.274s] In file included from [01m[K/usr/include/c++/13/bits/std_abs.h:38[m[K,
[0.274s]                  from [01m[K/usr/include/c++/13/cmath:49[m[K,
[0.274s]                  from [01m[K/usr/include/c++/13/math.h:36[m[K,
[0.274s]                  from [01m[K/home/ws/src/mit_mini_cheeta_motor_driver/include/mit_mini_cheeta_motor_driver/MotorDriver.hpp:4[m[K,
[0.274s]                  from [01m[K/home/ws/src/mit_mini_cheeta_motor_driver/src/MotorDriver.cpp:1[m[K:
[0.274s] [01m[K/usr/include/stdlib.h:756:13:[m[K [01;36m[Knote: [m[Kdeclared here
[0.275s]   756 | extern void [01;36m[Kexit[m[K (int __status) __THROW __attribute__ ((__noreturn__));
[0.275s]       |             [01;36m[K^~~~[m[K
[0.337s] gmake[2]: *** [CMakeFiles/mit_mini_cheeta_motor_driver.dir/build.make:104: CMakeFiles/mit_mini_cheeta_motor_driver.dir/src/MotorDriver.cpp.o] Error 1
[0.337s] gmake[2]: *** Waiting for unfinished jobs....
[3.186s] gmake[1]: *** [CMakeFiles/Makefile2:137: CMakeFiles/mit_mini_cheeta_motor_driver.dir/all] Error 2
[3.186s] gmake: *** [Makefile:146: all] Error 2
[3.188s] Invoked command in '/home/ws/build/mit_mini_cheeta_motor_driver' returned '2': CMAKE_PREFIX_PATH=${CMAKE_PREFIX_PATH}:/opt/ros/jazzy /usr/bin/cmake --build /home/ws/build/mit_mini_cheeta_motor_driver -- -j24 -l24
