[0.045s] DEBUG:colcon:Command line arguments: ['/usr/bin/colcon', 'build']
[0.045s] DEBUG:colcon:Parsed command line arguments: Namespace(log_base=None, log_level=None, verb_name='build', build_base='build', install_base='install', merge_install=False, symlink_install=False, test_result_base=None, continue_on_error=False, executor='parallel', parallel_workers=24, event_handlers=None, ignore_user_meta=False, metas=['./colcon.meta'], base_paths=['.'], packages_ignore=None, packages_ignore_regex=None, paths=None, packages_up_to=None, packages_up_to_regex=None, packages_above=None, packages_above_and_dependencies=None, packages_above_depth=None, packages_select_by_dep=None, packages_skip_by_dep=None, packages_skip_up_to=None, packages_select_build_failed=False, packages_skip_build_finished=False, packages_select_test_failures=False, packages_skip_test_passed=False, packages_select=None, packages_skip=None, packages_select_regex=None, packages_skip_regex=None, packages_start=None, packages_end=None, cmake_args=None, cmake_target=None, cmake_target_skip_unavailable=False, cmake_clean_cache=False, cmake_clean_first=False, cmake_force_configure=False, ament_cmake_args=None, catkin_cmake_args=None, catkin_skip_building_tests=False, mixin_files=None, mixin=None, verb_parser=<colcon_mixin.mixin.mixin_argument.MixinArgumentDecorator object at 0x751e17a79970>, verb_extension=<colcon_core.verb.build.BuildVerb object at 0x751e17b91e80>, main=<bound method BuildVerb.main of <colcon_core.verb.build.BuildVerb object at 0x751e17b91e80>>, mixin_verb=('build',))
[0.063s] Level 1:colcon.colcon_core.package_discovery:discover_packages(colcon_meta) check parameters
[0.063s] Level 1:colcon.colcon_core.package_discovery:discover_packages(recursive) check parameters
[0.063s] Level 1:colcon.colcon_core.package_discovery:discover_packages(ignore) check parameters
[0.063s] Level 1:colcon.colcon_core.package_discovery:discover_packages(path) check parameters
[0.063s] Level 1:colcon.colcon_core.package_discovery:discover_packages(colcon_meta) discover
[0.063s] Level 1:colcon.colcon_core.package_discovery:discover_packages(recursive) discover
[0.063s] INFO:colcon.colcon_core.package_discovery:Crawling recursively for packages in '/home/ws'
[0.063s] Level 1:colcon.colcon_core.package_identification:_identify(.) by extensions ['ignore', 'ignore_ament_install']
[0.063s] Level 1:colcon.colcon_core.package_identification:_identify(.) by extension 'ignore'
[0.063s] Level 1:colcon.colcon_core.package_identification:_identify(.) by extension 'ignore_ament_install'
[0.063s] Level 1:colcon.colcon_core.package_identification:_identify(.) by extensions ['colcon_pkg']
[0.063s] Level 1:colcon.colcon_core.package_identification:_identify(.) by extension 'colcon_pkg'
[0.063s] Level 1:colcon.colcon_core.package_identification:_identify(.) by extensions ['colcon_meta']
[0.063s] Level 1:colcon.colcon_core.package_identification:_identify(.) by extension 'colcon_meta'
[0.063s] Level 1:colcon.colcon_core.package_identification:_identify(.) by extensions ['ros']
[0.063s] Level 1:colcon.colcon_core.package_identification:_identify(.) by extension 'ros'
[0.075s] Level 1:colcon.colcon_core.package_identification:_identify(.) by extensions ['cmake', 'python']
[0.075s] Level 1:colcon.colcon_core.package_identification:_identify(.) by extension 'cmake'
[0.075s] Level 1:colcon.colcon_core.package_identification:_identify(.) by extension 'python'
[0.075s] Level 1:colcon.colcon_core.package_identification:_identify(.) by extensions ['python_setup_py']
[0.075s] Level 1:colcon.colcon_core.package_identification:_identify(.) by extension 'python_setup_py'
[0.076s] Level 1:colcon.colcon_core.package_identification:_identify(build) by extensions ['ignore', 'ignore_ament_install']
[0.076s] Level 1:colcon.colcon_core.package_identification:_identify(build) by extension 'ignore'
[0.076s] Level 1:colcon.colcon_core.package_identification:_identify(build) ignored
[0.076s] Level 1:colcon.colcon_core.package_identification:_identify(install) by extensions ['ignore', 'ignore_ament_install']
[0.076s] Level 1:colcon.colcon_core.package_identification:_identify(install) by extension 'ignore'
[0.076s] Level 1:colcon.colcon_core.package_identification:_identify(install) ignored
[0.076s] Level 1:colcon.colcon_core.package_identification:_identify(log) by extensions ['ignore', 'ignore_ament_install']
[0.076s] Level 1:colcon.colcon_core.package_identification:_identify(log) by extension 'ignore'
[0.076s] Level 1:colcon.colcon_core.package_identification:_identify(log) ignored
[0.076s] Level 1:colcon.colcon_core.package_identification:_identify(src) by extensions ['ignore', 'ignore_ament_install']
[0.076s] Level 1:colcon.colcon_core.package_identification:_identify(src) by extension 'ignore'
[0.076s] Level 1:colcon.colcon_core.package_identification:_identify(src) by extension 'ignore_ament_install'
[0.076s] Level 1:colcon.colcon_core.package_identification:_identify(src) by extensions ['colcon_pkg']
[0.076s] Level 1:colcon.colcon_core.package_identification:_identify(src) by extension 'colcon_pkg'
[0.076s] Level 1:colcon.colcon_core.package_identification:_identify(src) by extensions ['colcon_meta']
[0.076s] Level 1:colcon.colcon_core.package_identification:_identify(src) by extension 'colcon_meta'
[0.076s] Level 1:colcon.colcon_core.package_identification:_identify(src) by extensions ['ros']
[0.076s] Level 1:colcon.colcon_core.package_identification:_identify(src) by extension 'ros'
[0.076s] Level 1:colcon.colcon_core.package_identification:_identify(src) by extensions ['cmake', 'python']
[0.076s] Level 1:colcon.colcon_core.package_identification:_identify(src) by extension 'cmake'
[0.076s] Level 1:colcon.colcon_core.package_identification:_identify(src) by extension 'python'
[0.076s] Level 1:colcon.colcon_core.package_identification:_identify(src) by extensions ['python_setup_py']
[0.076s] Level 1:colcon.colcon_core.package_identification:_identify(src) by extension 'python_setup_py'
[0.076s] Level 1:colcon.colcon_core.package_identification:_identify(src/mit_mini_cheeta_motor_driver) by extensions ['ignore', 'ignore_ament_install']
[0.076s] Level 1:colcon.colcon_core.package_identification:_identify(src/mit_mini_cheeta_motor_driver) by extension 'ignore'
[0.076s] Level 1:colcon.colcon_core.package_identification:_identify(src/mit_mini_cheeta_motor_driver) by extension 'ignore_ament_install'
[0.076s] Level 1:colcon.colcon_core.package_identification:_identify(src/mit_mini_cheeta_motor_driver) by extensions ['colcon_pkg']
[0.076s] Level 1:colcon.colcon_core.package_identification:_identify(src/mit_mini_cheeta_motor_driver) by extension 'colcon_pkg'
[0.076s] Level 1:colcon.colcon_core.package_identification:_identify(src/mit_mini_cheeta_motor_driver) by extensions ['colcon_meta']
[0.076s] Level 1:colcon.colcon_core.package_identification:_identify(src/mit_mini_cheeta_motor_driver) by extension 'colcon_meta'
[0.076s] Level 1:colcon.colcon_core.package_identification:_identify(src/mit_mini_cheeta_motor_driver) by extensions ['ros']
[0.076s] Level 1:colcon.colcon_core.package_identification:_identify(src/mit_mini_cheeta_motor_driver) by extension 'ros'
[0.078s] DEBUG:colcon.colcon_core.package_identification:Package 'src/mit_mini_cheeta_motor_driver' with type 'ros.ament_cmake' and name 'mit_mini_cheeta_motor_driver'
[0.078s] Level 1:colcon.colcon_core.package_identification:_identify(src/quadruped_bringup) by extensions ['ignore', 'ignore_ament_install']
[0.078s] Level 1:colcon.colcon_core.package_identification:_identify(src/quadruped_bringup) by extension 'ignore'
[0.078s] Level 1:colcon.colcon_core.package_identification:_identify(src/quadruped_bringup) by extension 'ignore_ament_install'
[0.078s] Level 1:colcon.colcon_core.package_identification:_identify(src/quadruped_bringup) by extensions ['colcon_pkg']
[0.078s] Level 1:colcon.colcon_core.package_identification:_identify(src/quadruped_bringup) by extension 'colcon_pkg'
[0.078s] Level 1:colcon.colcon_core.package_identification:_identify(src/quadruped_bringup) by extensions ['colcon_meta']
[0.078s] Level 1:colcon.colcon_core.package_identification:_identify(src/quadruped_bringup) by extension 'colcon_meta'
[0.078s] Level 1:colcon.colcon_core.package_identification:_identify(src/quadruped_bringup) by extensions ['ros']
[0.078s] Level 1:colcon.colcon_core.package_identification:_identify(src/quadruped_bringup) by extension 'ros'
[0.078s] DEBUG:colcon.colcon_core.package_identification:Package 'src/quadruped_bringup' with type 'ros.ament_cmake' and name 'quadruped_bringup'
[0.078s] Level 1:colcon.colcon_core.package_identification:_identify(src/robot_urdf) by extensions ['ignore', 'ignore_ament_install']
[0.078s] Level 1:colcon.colcon_core.package_identification:_identify(src/robot_urdf) by extension 'ignore'
[0.078s] Level 1:colcon.colcon_core.package_identification:_identify(src/robot_urdf) by extension 'ignore_ament_install'
[0.078s] Level 1:colcon.colcon_core.package_identification:_identify(src/robot_urdf) by extensions ['colcon_pkg']
[0.078s] Level 1:colcon.colcon_core.package_identification:_identify(src/robot_urdf) by extension 'colcon_pkg'
[0.078s] Level 1:colcon.colcon_core.package_identification:_identify(src/robot_urdf) by extensions ['colcon_meta']
[0.078s] Level 1:colcon.colcon_core.package_identification:_identify(src/robot_urdf) by extension 'colcon_meta'
[0.078s] Level 1:colcon.colcon_core.package_identification:_identify(src/robot_urdf) by extensions ['ros']
[0.078s] Level 1:colcon.colcon_core.package_identification:_identify(src/robot_urdf) by extension 'ros'
[0.078s] DEBUG:colcon.colcon_core.package_identification:Package 'src/robot_urdf' with type 'ros.ament_cmake' and name 'robot_urdf'
[0.078s] Level 1:colcon.colcon_core.package_discovery:discover_packages(recursive) using defaults
[0.078s] Level 1:colcon.colcon_core.package_discovery:discover_packages(ignore) discover
[0.078s] Level 1:colcon.colcon_core.package_discovery:discover_packages(ignore) using defaults
[0.078s] Level 1:colcon.colcon_core.package_discovery:discover_packages(path) discover
[0.078s] Level 1:colcon.colcon_core.package_discovery:discover_packages(path) using defaults
[0.087s] Level 5:colcon.colcon_core.verb:set package 'mit_mini_cheeta_motor_driver' build argument 'cmake_args' from command line to 'None'
[0.087s] Level 5:colcon.colcon_core.verb:set package 'mit_mini_cheeta_motor_driver' build argument 'cmake_target' from command line to 'None'
[0.087s] Level 5:colcon.colcon_core.verb:set package 'mit_mini_cheeta_motor_driver' build argument 'cmake_target_skip_unavailable' from command line to 'False'
[0.087s] Level 5:colcon.colcon_core.verb:set package 'mit_mini_cheeta_motor_driver' build argument 'cmake_clean_cache' from command line to 'False'
[0.087s] Level 5:colcon.colcon_core.verb:set package 'mit_mini_cheeta_motor_driver' build argument 'cmake_clean_first' from command line to 'False'
[0.087s] Level 5:colcon.colcon_core.verb:set package 'mit_mini_cheeta_motor_driver' build argument 'cmake_force_configure' from command line to 'False'
[0.087s] Level 5:colcon.colcon_core.verb:set package 'mit_mini_cheeta_motor_driver' build argument 'ament_cmake_args' from command line to 'None'
[0.087s] Level 5:colcon.colcon_core.verb:set package 'mit_mini_cheeta_motor_driver' build argument 'catkin_cmake_args' from command line to 'None'
[0.087s] Level 5:colcon.colcon_core.verb:set package 'mit_mini_cheeta_motor_driver' build argument 'catkin_skip_building_tests' from command line to 'False'
[0.087s] DEBUG:colcon.colcon_core.verb:Building package 'mit_mini_cheeta_motor_driver' with the following arguments: {'ament_cmake_args': None, 'build_base': '/home/ws/build/mit_mini_cheeta_motor_driver', 'catkin_cmake_args': None, 'catkin_skip_building_tests': False, 'cmake_args': None, 'cmake_clean_cache': False, 'cmake_clean_first': False, 'cmake_force_configure': False, 'cmake_target': None, 'cmake_target_skip_unavailable': False, 'install_base': '/home/ws/install/mit_mini_cheeta_motor_driver', 'merge_install': False, 'path': '/home/ws/src/mit_mini_cheeta_motor_driver', 'symlink_install': False, 'test_result_base': None}
[0.087s] Level 5:colcon.colcon_core.verb:set package 'quadruped_bringup' build argument 'cmake_args' from command line to 'None'
[0.087s] Level 5:colcon.colcon_core.verb:set package 'quadruped_bringup' build argument 'cmake_target' from command line to 'None'
[0.087s] Level 5:colcon.colcon_core.verb:set package 'quadruped_bringup' build argument 'cmake_target_skip_unavailable' from command line to 'False'
[0.087s] Level 5:colcon.colcon_core.verb:set package 'quadruped_bringup' build argument 'cmake_clean_cache' from command line to 'False'
[0.087s] Level 5:colcon.colcon_core.verb:set package 'quadruped_bringup' build argument 'cmake_clean_first' from command line to 'False'
[0.087s] Level 5:colcon.colcon_core.verb:set package 'quadruped_bringup' build argument 'cmake_force_configure' from command line to 'False'
[0.087s] Level 5:colcon.colcon_core.verb:set package 'quadruped_bringup' build argument 'ament_cmake_args' from command line to 'None'
[0.087s] Level 5:colcon.colcon_core.verb:set package 'quadruped_bringup' build argument 'catkin_cmake_args' from command line to 'None'
[0.087s] Level 5:colcon.colcon_core.verb:set package 'quadruped_bringup' build argument 'catkin_skip_building_tests' from command line to 'False'
[0.087s] DEBUG:colcon.colcon_core.verb:Building package 'quadruped_bringup' with the following arguments: {'ament_cmake_args': None, 'build_base': '/home/ws/build/quadruped_bringup', 'catkin_cmake_args': None, 'catkin_skip_building_tests': False, 'cmake_args': None, 'cmake_clean_cache': False, 'cmake_clean_first': False, 'cmake_force_configure': False, 'cmake_target': None, 'cmake_target_skip_unavailable': False, 'install_base': '/home/ws/install/quadruped_bringup', 'merge_install': False, 'path': '/home/ws/src/quadruped_bringup', 'symlink_install': False, 'test_result_base': None}
[0.087s] Level 5:colcon.colcon_core.verb:set package 'robot_urdf' build argument 'cmake_args' from command line to 'None'
[0.087s] Level 5:colcon.colcon_core.verb:set package 'robot_urdf' build argument 'cmake_target' from command line to 'None'
[0.087s] Level 5:colcon.colcon_core.verb:set package 'robot_urdf' build argument 'cmake_target_skip_unavailable' from command line to 'False'
[0.087s] Level 5:colcon.colcon_core.verb:set package 'robot_urdf' build argument 'cmake_clean_cache' from command line to 'False'
[0.087s] Level 5:colcon.colcon_core.verb:set package 'robot_urdf' build argument 'cmake_clean_first' from command line to 'False'
[0.087s] Level 5:colcon.colcon_core.verb:set package 'robot_urdf' build argument 'cmake_force_configure' from command line to 'False'
[0.087s] Level 5:colcon.colcon_core.verb:set package 'robot_urdf' build argument 'ament_cmake_args' from command line to 'None'
[0.087s] Level 5:colcon.colcon_core.verb:set package 'robot_urdf' build argument 'catkin_cmake_args' from command line to 'None'
[0.087s] Level 5:colcon.colcon_core.verb:set package 'robot_urdf' build argument 'catkin_skip_building_tests' from command line to 'False'
[0.087s] DEBUG:colcon.colcon_core.verb:Building package 'robot_urdf' with the following arguments: {'ament_cmake_args': None, 'build_base': '/home/ws/build/robot_urdf', 'catkin_cmake_args': None, 'catkin_skip_building_tests': False, 'cmake_args': None, 'cmake_clean_cache': False, 'cmake_clean_first': False, 'cmake_force_configure': False, 'cmake_target': None, 'cmake_target_skip_unavailable': False, 'install_base': '/home/ws/install/robot_urdf', 'merge_install': False, 'path': '/home/ws/src/robot_urdf', 'symlink_install': False, 'test_result_base': None}
[0.087s] INFO:colcon.colcon_core.executor:Executing jobs using 'parallel' executor
[0.089s] DEBUG:colcon.colcon_parallel_executor.executor.parallel:run_until_complete
[0.089s] INFO:colcon.colcon_ros.task.ament_cmake.build:Building ROS package in '/home/ws/src/mit_mini_cheeta_motor_driver' with build type 'ament_cmake'
[0.089s] INFO:colcon.colcon_cmake.task.cmake.build:Building CMake package in '/home/ws/src/mit_mini_cheeta_motor_driver'
[0.091s] INFO:colcon.colcon_core.plugin_system:Skipping extension 'colcon_core.shell.bat': Not used on non-Windows systems
[0.091s] INFO:colcon.colcon_core.shell:Skip shell extension 'powershell' for command environment: Not usable outside of PowerShell
[0.091s] DEBUG:colcon.colcon_core.shell:Skip shell extension 'dsv' for command environment
[0.092s] WARNING:colcon.colcon_ros.prefix_path.ament:The path '/home/ws/install/robot_urdf' in the environment variable AMENT_PREFIX_PATH doesn't exist
[0.092s] WARNING:colcon.colcon_ros.prefix_path.ament:The path '/home/ws/install/quadruped_bringup' in the environment variable AMENT_PREFIX_PATH doesn't exist
[0.092s] WARNING:colcon.colcon_ros.prefix_path.ament:The path '/home/ws/install/mit_mini_cheeta_motor_driver' in the environment variable AMENT_PREFIX_PATH doesn't exist
[0.092s] WARNING:colcon.colcon_ros.prefix_path.catkin:The path '/home/ws/install/robot_urdf' in the environment variable CMAKE_PREFIX_PATH doesn't exist
[0.092s] WARNING:colcon.colcon_ros.prefix_path.catkin:The path '/home/ws/install/quadruped_bringup' in the environment variable CMAKE_PREFIX_PATH doesn't exist
[0.092s] WARNING:colcon.colcon_ros.prefix_path.catkin:The path '/home/ws/install/mit_mini_cheeta_motor_driver' in the environment variable CMAKE_PREFIX_PATH doesn't exist
[0.094s] INFO:colcon.colcon_ros.task.ament_cmake.build:Building ROS package in '/home/ws/src/quadruped_bringup' with build type 'ament_cmake'
[0.094s] INFO:colcon.colcon_cmake.task.cmake.build:Building CMake package in '/home/ws/src/quadruped_bringup'
[0.094s] INFO:colcon.colcon_core.shell:Skip shell extension 'powershell' for command environment: Not usable outside of PowerShell
[0.094s] DEBUG:colcon.colcon_core.shell:Skip shell extension 'dsv' for command environment
[0.095s] INFO:colcon.colcon_ros.task.ament_cmake.build:Building ROS package in '/home/ws/src/robot_urdf' with build type 'ament_cmake'
[0.095s] INFO:colcon.colcon_cmake.task.cmake.build:Building CMake package in '/home/ws/src/robot_urdf'
[0.095s] INFO:colcon.colcon_core.shell:Skip shell extension 'powershell' for command environment: Not usable outside of PowerShell
[0.095s] DEBUG:colcon.colcon_core.shell:Skip shell extension 'dsv' for command environment
[0.099s] DEBUG:colcon.colcon_core.event_handler.log_command:Invoking command in '/home/ws/build/mit_mini_cheeta_motor_driver': CMAKE_PREFIX_PATH=${CMAKE_PREFIX_PATH}:/opt/ros/jazzy /usr/bin/cmake /home/ws/src/mit_mini_cheeta_motor_driver -DCMAKE_INSTALL_PREFIX=/home/ws/install/mit_mini_cheeta_motor_driver
[0.101s] DEBUG:colcon.colcon_core.event_handler.log_command:Invoking command in '/home/ws/build/quadruped_bringup': CMAKE_PREFIX_PATH=${CMAKE_PREFIX_PATH}:/opt/ros/jazzy /usr/bin/cmake /home/ws/src/quadruped_bringup -DCMAKE_INSTALL_PREFIX=/home/ws/install/quadruped_bringup
[0.103s] DEBUG:colcon.colcon_core.event_handler.log_command:Invoking command in '/home/ws/build/robot_urdf': CMAKE_PREFIX_PATH=${CMAKE_PREFIX_PATH}:/opt/ros/jazzy /usr/bin/cmake /home/ws/src/robot_urdf -DCMAKE_INSTALL_PREFIX=/home/ws/install/robot_urdf
[0.637s] DEBUG:colcon.colcon_core.event_handler.log_command:Invoked command in '/home/ws/build/quadruped_bringup' returned '0': CMAKE_PREFIX_PATH=${CMAKE_PREFIX_PATH}:/opt/ros/jazzy /usr/bin/cmake /home/ws/src/quadruped_bringup -DCMAKE_INSTALL_PREFIX=/home/ws/install/quadruped_bringup
[0.638s] DEBUG:colcon.colcon_core.event_handler.log_command:Invoking command in '/home/ws/build/quadruped_bringup': CMAKE_PREFIX_PATH=${CMAKE_PREFIX_PATH}:/opt/ros/jazzy /usr/bin/cmake --build /home/ws/build/quadruped_bringup -- -j24 -l24
[0.640s] DEBUG:colcon.colcon_core.event_handler.log_command:Invoked command in '/home/ws/build/robot_urdf' returned '0': CMAKE_PREFIX_PATH=${CMAKE_PREFIX_PATH}:/opt/ros/jazzy /usr/bin/cmake /home/ws/src/robot_urdf -DCMAKE_INSTALL_PREFIX=/home/ws/install/robot_urdf
[0.640s] DEBUG:colcon.colcon_core.event_handler.log_command:Invoking command in '/home/ws/build/robot_urdf': CMAKE_PREFIX_PATH=${CMAKE_PREFIX_PATH}:/opt/ros/jazzy /usr/bin/cmake --build /home/ws/build/robot_urdf -- -j24 -l24
[0.670s] DEBUG:colcon.colcon_core.event_handler.log_command:Invoked command in '/home/ws/build/quadruped_bringup' returned '0': CMAKE_PREFIX_PATH=${CMAKE_PREFIX_PATH}:/opt/ros/jazzy /usr/bin/cmake --build /home/ws/build/quadruped_bringup -- -j24 -l24
[0.677s] DEBUG:colcon.colcon_core.event_handler.log_command:Invoking command in '/home/ws/build/quadruped_bringup': CMAKE_PREFIX_PATH=${CMAKE_PREFIX_PATH}:/opt/ros/jazzy /usr/bin/cmake --install /home/ws/build/quadruped_bringup
[0.678s] DEBUG:colcon.colcon_core.event_handler.log_command:Invoked command in '/home/ws/build/robot_urdf' returned '0': CMAKE_PREFIX_PATH=${CMAKE_PREFIX_PATH}:/opt/ros/jazzy /usr/bin/cmake --build /home/ws/build/robot_urdf -- -j24 -l24
[0.678s] DEBUG:colcon.colcon_core.event_handler.log_command:Invoking command in '/home/ws/build/robot_urdf': CMAKE_PREFIX_PATH=${CMAKE_PREFIX_PATH}:/opt/ros/jazzy /usr/bin/cmake --install /home/ws/build/robot_urdf
[0.682s] Level 1:colcon.colcon_core.environment:create_environment_scripts_only(quadruped_bringup)
[0.683s] DEBUG:colcon.colcon_core.event_handler.log_command:Invoked command in '/home/ws/build/quadruped_bringup' returned '0': CMAKE_PREFIX_PATH=${CMAKE_PREFIX_PATH}:/opt/ros/jazzy /usr/bin/cmake --install /home/ws/build/quadruped_bringup
[0.684s] Level 1:colcon.colcon_core.environment:checking '/home/ws/install/quadruped_bringup' for CMake module files
[0.685s] Level 1:colcon.colcon_core.environment:checking '/home/ws/install/quadruped_bringup' for CMake config files
[0.685s] Level 1:colcon.colcon_core.shell:create_environment_hook('quadruped_bringup', 'cmake_prefix_path')
[0.685s] INFO:colcon.colcon_core.shell:Creating environment hook '/home/ws/install/quadruped_bringup/share/quadruped_bringup/hook/cmake_prefix_path.ps1'
[0.685s] INFO:colcon.colcon_core.shell:Creating environment descriptor '/home/ws/install/quadruped_bringup/share/quadruped_bringup/hook/cmake_prefix_path.dsv'
[0.685s] INFO:colcon.colcon_core.shell:Creating environment hook '/home/ws/install/quadruped_bringup/share/quadruped_bringup/hook/cmake_prefix_path.sh'
[0.686s] Level 1:colcon.colcon_core.environment:checking '/home/ws/install/quadruped_bringup/bin'
[0.686s] Level 1:colcon.colcon_core.environment:checking '/home/ws/install/quadruped_bringup/lib/pkgconfig/quadruped_bringup.pc'
[0.687s] Level 1:colcon.colcon_core.environment:checking '/home/ws/install/quadruped_bringup/lib/python3.12/site-packages'
[0.687s] Level 1:colcon.colcon_core.environment:checking '/home/ws/install/quadruped_bringup/bin'
[0.687s] INFO:colcon.colcon_core.shell:Creating package script '/home/ws/install/quadruped_bringup/share/quadruped_bringup/package.ps1'
[0.688s] INFO:colcon.colcon_core.shell:Creating package descriptor '/home/ws/install/quadruped_bringup/share/quadruped_bringup/package.dsv'
[0.688s] INFO:colcon.colcon_core.shell:Creating package script '/home/ws/install/quadruped_bringup/share/quadruped_bringup/package.sh'
[0.688s] INFO:colcon.colcon_core.shell:Creating package script '/home/ws/install/quadruped_bringup/share/quadruped_bringup/package.bash'
[0.689s] INFO:colcon.colcon_core.shell:Creating package script '/home/ws/install/quadruped_bringup/share/quadruped_bringup/package.zsh'
[0.689s] Level 1:colcon.colcon_core.environment:create_file_with_runtime_dependencies(/home/ws/install/quadruped_bringup/share/colcon-core/packages/quadruped_bringup)
[0.689s] Level 1:colcon.colcon_core.environment:create_environment_scripts_only(quadruped_bringup)
[0.690s] Level 1:colcon.colcon_core.environment:checking '/home/ws/install/quadruped_bringup' for CMake module files
[0.690s] Level 1:colcon.colcon_core.environment:checking '/home/ws/install/quadruped_bringup' for CMake config files
[0.690s] Level 1:colcon.colcon_core.shell:create_environment_hook('quadruped_bringup', 'cmake_prefix_path')
[0.690s] INFO:colcon.colcon_core.shell:Creating environment hook '/home/ws/install/quadruped_bringup/share/quadruped_bringup/hook/cmake_prefix_path.ps1'
[0.690s] INFO:colcon.colcon_core.shell:Creating environment descriptor '/home/ws/install/quadruped_bringup/share/quadruped_bringup/hook/cmake_prefix_path.dsv'
[0.690s] INFO:colcon.colcon_core.shell:Creating environment hook '/home/ws/install/quadruped_bringup/share/quadruped_bringup/hook/cmake_prefix_path.sh'
[0.691s] Level 1:colcon.colcon_core.environment:checking '/home/ws/install/quadruped_bringup/bin'
[0.691s] Level 1:colcon.colcon_core.environment:checking '/home/ws/install/quadruped_bringup/lib/pkgconfig/quadruped_bringup.pc'
[0.691s] Level 1:colcon.colcon_core.environment:checking '/home/ws/install/quadruped_bringup/lib/python3.12/site-packages'
[0.691s] Level 1:colcon.colcon_core.environment:checking '/home/ws/install/quadruped_bringup/bin'
[0.691s] INFO:colcon.colcon_core.shell:Creating package script '/home/ws/install/quadruped_bringup/share/quadruped_bringup/package.ps1'
[0.691s] INFO:colcon.colcon_core.shell:Creating package descriptor '/home/ws/install/quadruped_bringup/share/quadruped_bringup/package.dsv'
[0.692s] INFO:colcon.colcon_core.shell:Creating package script '/home/ws/install/quadruped_bringup/share/quadruped_bringup/package.sh'
[0.692s] INFO:colcon.colcon_core.shell:Creating package script '/home/ws/install/quadruped_bringup/share/quadruped_bringup/package.bash'
[0.692s] INFO:colcon.colcon_core.shell:Creating package script '/home/ws/install/quadruped_bringup/share/quadruped_bringup/package.zsh'
[0.692s] Level 1:colcon.colcon_core.environment:create_file_with_runtime_dependencies(/home/ws/install/quadruped_bringup/share/colcon-core/packages/quadruped_bringup)
[0.700s] Level 1:colcon.colcon_core.environment:create_environment_scripts_only(robot_urdf)
[0.700s] DEBUG:colcon.colcon_core.event_handler.log_command:Invoked command in '/home/ws/build/robot_urdf' returned '0': CMAKE_PREFIX_PATH=${CMAKE_PREFIX_PATH}:/opt/ros/jazzy /usr/bin/cmake --install /home/ws/build/robot_urdf
[0.700s] Level 1:colcon.colcon_core.environment:checking '/home/ws/install/robot_urdf' for CMake module files
[0.700s] Level 1:colcon.colcon_core.environment:checking '/home/ws/install/robot_urdf' for CMake config files
[0.700s] Level 1:colcon.colcon_core.shell:create_environment_hook('robot_urdf', 'cmake_prefix_path')
[0.700s] INFO:colcon.colcon_core.shell:Creating environment hook '/home/ws/install/robot_urdf/share/robot_urdf/hook/cmake_prefix_path.ps1'
[0.701s] INFO:colcon.colcon_core.shell:Creating environment descriptor '/home/ws/install/robot_urdf/share/robot_urdf/hook/cmake_prefix_path.dsv'
[0.701s] INFO:colcon.colcon_core.shell:Creating environment hook '/home/ws/install/robot_urdf/share/robot_urdf/hook/cmake_prefix_path.sh'
[0.701s] Level 1:colcon.colcon_core.environment:checking '/home/ws/install/robot_urdf/bin'
[0.701s] Level 1:colcon.colcon_core.environment:checking '/home/ws/install/robot_urdf/lib/pkgconfig/robot_urdf.pc'
[0.701s] Level 1:colcon.colcon_core.environment:checking '/home/ws/install/robot_urdf/lib/python3.12/site-packages'
[0.701s] Level 1:colcon.colcon_core.environment:checking '/home/ws/install/robot_urdf/bin'
[0.701s] INFO:colcon.colcon_core.shell:Creating package script '/home/ws/install/robot_urdf/share/robot_urdf/package.ps1'
[0.702s] INFO:colcon.colcon_core.shell:Creating package descriptor '/home/ws/install/robot_urdf/share/robot_urdf/package.dsv'
[0.702s] INFO:colcon.colcon_core.shell:Creating package script '/home/ws/install/robot_urdf/share/robot_urdf/package.sh'
[0.702s] INFO:colcon.colcon_core.shell:Creating package script '/home/ws/install/robot_urdf/share/robot_urdf/package.bash'
[0.702s] INFO:colcon.colcon_core.shell:Creating package script '/home/ws/install/robot_urdf/share/robot_urdf/package.zsh'
[0.702s] Level 1:colcon.colcon_core.environment:create_file_with_runtime_dependencies(/home/ws/install/robot_urdf/share/colcon-core/packages/robot_urdf)
[0.702s] Level 1:colcon.colcon_core.environment:create_environment_scripts_only(robot_urdf)
[0.702s] Level 1:colcon.colcon_core.environment:checking '/home/ws/install/robot_urdf' for CMake module files
[0.703s] Level 1:colcon.colcon_core.environment:checking '/home/ws/install/robot_urdf' for CMake config files
[0.703s] Level 1:colcon.colcon_core.shell:create_environment_hook('robot_urdf', 'cmake_prefix_path')
[0.703s] INFO:colcon.colcon_core.shell:Creating environment hook '/home/ws/install/robot_urdf/share/robot_urdf/hook/cmake_prefix_path.ps1'
[0.703s] INFO:colcon.colcon_core.shell:Creating environment descriptor '/home/ws/install/robot_urdf/share/robot_urdf/hook/cmake_prefix_path.dsv'
[0.703s] INFO:colcon.colcon_core.shell:Creating environment hook '/home/ws/install/robot_urdf/share/robot_urdf/hook/cmake_prefix_path.sh'
[0.703s] Level 1:colcon.colcon_core.environment:checking '/home/ws/install/robot_urdf/bin'
[0.703s] Level 1:colcon.colcon_core.environment:checking '/home/ws/install/robot_urdf/lib/pkgconfig/robot_urdf.pc'
[0.703s] Level 1:colcon.colcon_core.environment:checking '/home/ws/install/robot_urdf/lib/python3.12/site-packages'
[0.704s] Level 1:colcon.colcon_core.environment:checking '/home/ws/install/robot_urdf/bin'
[0.704s] INFO:colcon.colcon_core.shell:Creating package script '/home/ws/install/robot_urdf/share/robot_urdf/package.ps1'
[0.704s] INFO:colcon.colcon_core.shell:Creating package descriptor '/home/ws/install/robot_urdf/share/robot_urdf/package.dsv'
[0.704s] INFO:colcon.colcon_core.shell:Creating package script '/home/ws/install/robot_urdf/share/robot_urdf/package.sh'
[0.704s] INFO:colcon.colcon_core.shell:Creating package script '/home/ws/install/robot_urdf/share/robot_urdf/package.bash'
[0.705s] INFO:colcon.colcon_core.shell:Creating package script '/home/ws/install/robot_urdf/share/robot_urdf/package.zsh'
[0.705s] Level 1:colcon.colcon_core.environment:create_file_with_runtime_dependencies(/home/ws/install/robot_urdf/share/colcon-core/packages/robot_urdf)
[1.148s] DEBUG:colcon.colcon_core.event_handler.log_command:Invoked command in '/home/ws/build/mit_mini_cheeta_motor_driver' returned '0': CMAKE_PREFIX_PATH=${CMAKE_PREFIX_PATH}:/opt/ros/jazzy /usr/bin/cmake /home/ws/src/mit_mini_cheeta_motor_driver -DCMAKE_INSTALL_PREFIX=/home/ws/install/mit_mini_cheeta_motor_driver
[1.148s] DEBUG:colcon.colcon_core.event_handler.log_command:Invoking command in '/home/ws/build/mit_mini_cheeta_motor_driver': CMAKE_PREFIX_PATH=${CMAKE_PREFIX_PATH}:/opt/ros/jazzy /usr/bin/cmake --build /home/ws/build/mit_mini_cheeta_motor_driver -- -j24 -l24
[4.425s] DEBUG:colcon.colcon_core.event_handler.log_command:Invoked command in '/home/ws/build/mit_mini_cheeta_motor_driver' returned '0': CMAKE_PREFIX_PATH=${CMAKE_PREFIX_PATH}:/opt/ros/jazzy /usr/bin/cmake --build /home/ws/build/mit_mini_cheeta_motor_driver -- -j24 -l24
[4.426s] DEBUG:colcon.colcon_core.event_handler.log_command:Invoking command in '/home/ws/build/mit_mini_cheeta_motor_driver': CMAKE_PREFIX_PATH=${CMAKE_PREFIX_PATH}:/opt/ros/jazzy /usr/bin/cmake --install /home/ws/build/mit_mini_cheeta_motor_driver
[4.437s] Level 1:colcon.colcon_core.environment:create_environment_scripts_only(mit_mini_cheeta_motor_driver)
[4.437s] Level 1:colcon.colcon_core.environment:checking '/home/ws/install/mit_mini_cheeta_motor_driver' for CMake module files
[4.437s] DEBUG:colcon.colcon_core.event_handler.log_command:Invoked command in '/home/ws/build/mit_mini_cheeta_motor_driver' returned '0': CMAKE_PREFIX_PATH=${CMAKE_PREFIX_PATH}:/opt/ros/jazzy /usr/bin/cmake --install /home/ws/build/mit_mini_cheeta_motor_driver
[4.437s] Level 1:colcon.colcon_core.environment:checking '/home/ws/install/mit_mini_cheeta_motor_driver' for CMake config files
[4.438s] Level 1:colcon.colcon_core.shell:create_environment_hook('mit_mini_cheeta_motor_driver', 'cmake_prefix_path')
[4.438s] INFO:colcon.colcon_core.shell:Creating environment hook '/home/ws/install/mit_mini_cheeta_motor_driver/share/mit_mini_cheeta_motor_driver/hook/cmake_prefix_path.ps1'
[4.438s] INFO:colcon.colcon_core.shell:Creating environment descriptor '/home/ws/install/mit_mini_cheeta_motor_driver/share/mit_mini_cheeta_motor_driver/hook/cmake_prefix_path.dsv'
[4.438s] INFO:colcon.colcon_core.shell:Creating environment hook '/home/ws/install/mit_mini_cheeta_motor_driver/share/mit_mini_cheeta_motor_driver/hook/cmake_prefix_path.sh'
[4.439s] Level 1:colcon.colcon_core.environment:checking '/home/ws/install/mit_mini_cheeta_motor_driver/lib'
[4.439s] Level 1:colcon.colcon_core.shell:create_environment_hook('mit_mini_cheeta_motor_driver', 'ld_library_path_lib')
[4.439s] INFO:colcon.colcon_core.shell:Creating environment hook '/home/ws/install/mit_mini_cheeta_motor_driver/share/mit_mini_cheeta_motor_driver/hook/ld_library_path_lib.ps1'
[4.439s] INFO:colcon.colcon_core.shell:Creating environment descriptor '/home/ws/install/mit_mini_cheeta_motor_driver/share/mit_mini_cheeta_motor_driver/hook/ld_library_path_lib.dsv'
[4.439s] INFO:colcon.colcon_core.shell:Creating environment hook '/home/ws/install/mit_mini_cheeta_motor_driver/share/mit_mini_cheeta_motor_driver/hook/ld_library_path_lib.sh'
[4.439s] Level 1:colcon.colcon_core.environment:checking '/home/ws/install/mit_mini_cheeta_motor_driver/bin'
[4.439s] Level 1:colcon.colcon_core.environment:checking '/home/ws/install/mit_mini_cheeta_motor_driver/lib/pkgconfig/mit_mini_cheeta_motor_driver.pc'
[4.440s] Level 1:colcon.colcon_core.environment:checking '/home/ws/install/mit_mini_cheeta_motor_driver/lib/python3.12/site-packages'
[4.440s] Level 1:colcon.colcon_core.environment:checking '/home/ws/install/mit_mini_cheeta_motor_driver/bin'
[4.440s] INFO:colcon.colcon_core.shell:Creating package script '/home/ws/install/mit_mini_cheeta_motor_driver/share/mit_mini_cheeta_motor_driver/package.ps1'
[4.440s] INFO:colcon.colcon_core.shell:Creating package descriptor '/home/ws/install/mit_mini_cheeta_motor_driver/share/mit_mini_cheeta_motor_driver/package.dsv'
[4.440s] INFO:colcon.colcon_core.shell:Creating package script '/home/ws/install/mit_mini_cheeta_motor_driver/share/mit_mini_cheeta_motor_driver/package.sh'
[4.441s] INFO:colcon.colcon_core.shell:Creating package script '/home/ws/install/mit_mini_cheeta_motor_driver/share/mit_mini_cheeta_motor_driver/package.bash'
[4.441s] INFO:colcon.colcon_core.shell:Creating package script '/home/ws/install/mit_mini_cheeta_motor_driver/share/mit_mini_cheeta_motor_driver/package.zsh'
[4.441s] Level 1:colcon.colcon_core.environment:create_file_with_runtime_dependencies(/home/ws/install/mit_mini_cheeta_motor_driver/share/colcon-core/packages/mit_mini_cheeta_motor_driver)
[4.441s] Level 1:colcon.colcon_core.environment:create_environment_scripts_only(mit_mini_cheeta_motor_driver)
[4.441s] Level 1:colcon.colcon_core.environment:checking '/home/ws/install/mit_mini_cheeta_motor_driver' for CMake module files
[4.442s] Level 1:colcon.colcon_core.environment:checking '/home/ws/install/mit_mini_cheeta_motor_driver' for CMake config files
[4.442s] Level 1:colcon.colcon_core.shell:create_environment_hook('mit_mini_cheeta_motor_driver', 'cmake_prefix_path')
[4.442s] INFO:colcon.colcon_core.shell:Creating environment hook '/home/ws/install/mit_mini_cheeta_motor_driver/share/mit_mini_cheeta_motor_driver/hook/cmake_prefix_path.ps1'
[4.442s] INFO:colcon.colcon_core.shell:Creating environment descriptor '/home/ws/install/mit_mini_cheeta_motor_driver/share/mit_mini_cheeta_motor_driver/hook/cmake_prefix_path.dsv'
[4.442s] INFO:colcon.colcon_core.shell:Creating environment hook '/home/ws/install/mit_mini_cheeta_motor_driver/share/mit_mini_cheeta_motor_driver/hook/cmake_prefix_path.sh'
[4.443s] Level 1:colcon.colcon_core.environment:checking '/home/ws/install/mit_mini_cheeta_motor_driver/lib'
[4.443s] Level 1:colcon.colcon_core.shell:create_environment_hook('mit_mini_cheeta_motor_driver', 'ld_library_path_lib')
[4.443s] INFO:colcon.colcon_core.shell:Creating environment hook '/home/ws/install/mit_mini_cheeta_motor_driver/share/mit_mini_cheeta_motor_driver/hook/ld_library_path_lib.ps1'
[4.443s] INFO:colcon.colcon_core.shell:Creating environment descriptor '/home/ws/install/mit_mini_cheeta_motor_driver/share/mit_mini_cheeta_motor_driver/hook/ld_library_path_lib.dsv'
[4.443s] INFO:colcon.colcon_core.shell:Creating environment hook '/home/ws/install/mit_mini_cheeta_motor_driver/share/mit_mini_cheeta_motor_driver/hook/ld_library_path_lib.sh'
[4.444s] Level 1:colcon.colcon_core.environment:checking '/home/ws/install/mit_mini_cheeta_motor_driver/bin'
[4.444s] Level 1:colcon.colcon_core.environment:checking '/home/ws/install/mit_mini_cheeta_motor_driver/lib/pkgconfig/mit_mini_cheeta_motor_driver.pc'
[4.444s] Level 1:colcon.colcon_core.environment:checking '/home/ws/install/mit_mini_cheeta_motor_driver/lib/python3.12/site-packages'
[4.444s] Level 1:colcon.colcon_core.environment:checking '/home/ws/install/mit_mini_cheeta_motor_driver/bin'
[4.444s] INFO:colcon.colcon_core.shell:Creating package script '/home/ws/install/mit_mini_cheeta_motor_driver/share/mit_mini_cheeta_motor_driver/package.ps1'
[4.444s] INFO:colcon.colcon_core.shell:Creating package descriptor '/home/ws/install/mit_mini_cheeta_motor_driver/share/mit_mini_cheeta_motor_driver/package.dsv'
[4.445s] INFO:colcon.colcon_core.shell:Creating package script '/home/ws/install/mit_mini_cheeta_motor_driver/share/mit_mini_cheeta_motor_driver/package.sh'
[4.445s] INFO:colcon.colcon_core.shell:Creating package script '/home/ws/install/mit_mini_cheeta_motor_driver/share/mit_mini_cheeta_motor_driver/package.bash'
[4.445s] INFO:colcon.colcon_core.shell:Creating package script '/home/ws/install/mit_mini_cheeta_motor_driver/share/mit_mini_cheeta_motor_driver/package.zsh'
[4.445s] Level 1:colcon.colcon_core.environment:create_file_with_runtime_dependencies(/home/ws/install/mit_mini_cheeta_motor_driver/share/colcon-core/packages/mit_mini_cheeta_motor_driver)
[4.445s] DEBUG:colcon.colcon_parallel_executor.executor.parallel:closing loop
[4.446s] DEBUG:colcon.colcon_parallel_executor.executor.parallel:loop closed
[4.446s] DEBUG:colcon.colcon_parallel_executor.executor.parallel:run_until_complete finished with '0'
[4.446s] DEBUG:colcon.colcon_core.event_reactor:joining thread
[4.449s] INFO:colcon.colcon_core.plugin_system:Skipping extension 'colcon_notification.desktop_notification.notify_send': Could not find 'notify-send'
[4.449s] INFO:colcon.colcon_core.plugin_system:Skipping extension 'colcon_notification.desktop_notification.terminal_notifier': Not used on non-Darwin systems
[4.449s] INFO:colcon.colcon_core.plugin_system:Skipping extension 'colcon_notification.desktop_notification.win32': Not used on non-Windows systems
[4.449s] INFO:colcon.colcon_notification.desktop_notification:Sending desktop notification using 'notify2'
[4.451s] DEBUG:colcon.colcon_notification.desktop_notification.notify2:Failed to initialize notify2: org.freedesktop.DBus.Error.Spawn.ExecFailed: /usr/bin/dbus-launch terminated abnormally without any error message
[4.451s] DEBUG:colcon.colcon_core.event_reactor:joined thread
[4.451s] INFO:colcon.colcon_core.shell:Creating prefix script '/home/ws/install/local_setup.ps1'
[4.452s] INFO:colcon.colcon_core.shell:Creating prefix util module '/home/ws/install/_local_setup_util_ps1.py'
[4.453s] INFO:colcon.colcon_core.shell:Creating prefix chain script '/home/ws/install/setup.ps1'
[4.454s] INFO:colcon.colcon_core.shell:Creating prefix script '/home/ws/install/local_setup.sh'
[4.454s] INFO:colcon.colcon_core.shell:Creating prefix util module '/home/ws/install/_local_setup_util_sh.py'
[4.454s] INFO:colcon.colcon_core.shell:Creating prefix chain script '/home/ws/install/setup.sh'
[4.455s] INFO:colcon.colcon_core.shell:Creating prefix script '/home/ws/install/local_setup.bash'
[4.455s] INFO:colcon.colcon_core.shell:Creating prefix chain script '/home/ws/install/setup.bash'
[4.456s] INFO:colcon.colcon_core.shell:Creating prefix script '/home/ws/install/local_setup.zsh'
[4.456s] INFO:colcon.colcon_core.shell:Creating prefix chain script '/home/ws/install/setup.zsh'
