[0.007s] Invoking command in '/home/ws/build/quadruped_bringup': CMAKE_PREFIX_PATH=${CMAKE_PREFIX_PATH}:/opt/ros/jazzy /usr/bin/cmake /home/ws/src/quadruped_bringup -DCMAKE_INSTALL_PREFIX=/home/ws/install/quadruped_bringup
[0.048s] -- The C compiler identification is GNU 13.3.0
[0.085s] -- The CXX compiler identification is GNU 13.3.0
[0.097s] -- Detecting C compiler ABI info
[0.163s] -- Detecting C compiler ABI info - done
[0.169s] -- Check for working C compiler: /usr/bin/cc - skipped
[0.169s] -- Detecting C compile features
[0.169s] -- Detecting C compile features - done
[0.175s] -- Detecting CXX compiler ABI info
[0.249s] -- Detecting CXX compiler ABI info - done
[0.255s] -- Check for working CXX compiler: /usr/bin/c++ - skipped
[0.255s] -- Detecting CXX compile features
[0.255s] -- Detecting CXX compile features - done
[0.258s] -- Found ament_cmake: 2.5.4 (/opt/ros/jazzy/share/ament_cmake/cmake)
[0.395s] -- Found Python3: /usr/bin/python3 (found version "3.12.3") found components: Interpreter 
[0.466s] -- Found ament_lint_auto: 0.17.3 (/opt/ros/jazzy/share/ament_lint_auto/cmake)
[0.534s] -- Added test 'flake8' to check Python code syntax and style conventions
[0.534s] -- Configured 'flake8' exclude dirs and/or files: 
[0.534s] -- Added test 'lint_cmake' to check CMake code style
[0.535s] -- Added test 'pep257' to check Python code against some of the docstring style conventions in PEP 257
[0.535s] -- Added test 'xmllint' to check XML markup files
[0.537s] -- Configuring done (0.5s)
[0.538s] -- Generating done (0.0s)
[0.539s] -- Build files have been written to: /home/ws/build/quadruped_bringup
[0.543s] Invoked command in '/home/ws/build/quadruped_bringup' returned '0': CMAKE_PREFIX_PATH=${CMAKE_PREFIX_PATH}:/opt/ros/jazzy /usr/bin/cmake /home/ws/src/quadruped_bringup -DCMAKE_INSTALL_PREFIX=/home/ws/install/quadruped_bringup
[0.544s] Invoking command in '/home/ws/build/quadruped_bringup': CMAKE_PREFIX_PATH=${CMAKE_PREFIX_PATH}:/opt/ros/jazzy /usr/bin/cmake --build /home/ws/build/quadruped_bringup -- -j24 -l24
[0.576s] Invoked command in '/home/ws/build/quadruped_bringup' returned '0': CMAKE_PREFIX_PATH=${CMAKE_PREFIX_PATH}:/opt/ros/jazzy /usr/bin/cmake --build /home/ws/build/quadruped_bringup -- -j24 -l24
[0.583s] Invoking command in '/home/ws/build/quadruped_bringup': CMAKE_PREFIX_PATH=${CMAKE_PREFIX_PATH}:/opt/ros/jazzy /usr/bin/cmake --install /home/ws/build/quadruped_bringup
[0.587s] -- Install configuration: ""
[0.587s] -- Installing: /home/ws/install/quadruped_bringup/share/quadruped_bringup/launch
[0.587s] -- Installing: /home/ws/install/quadruped_bringup/share/quadruped_bringup/launch/gz.launch.py
[0.587s] -- Installing: /home/ws/install/quadruped_bringup/share/quadruped_bringup/launch/real.launch.py
[0.587s] -- Installing: /home/ws/install/quadruped_bringup/share/quadruped_bringup/launch/remote.launch.py
[0.587s] -- Installing: /home/ws/install/quadruped_bringup/share/ament_index/resource_index/package_run_dependencies/quadruped_bringup
[0.587s] -- Installing: /home/ws/install/quadruped_bringup/share/ament_index/resource_index/parent_prefix_path/quadruped_bringup
[0.587s] -- Installing: /home/ws/install/quadruped_bringup/share/quadruped_bringup/environment/ament_prefix_path.sh
[0.587s] -- Installing: /home/ws/install/quadruped_bringup/share/quadruped_bringup/environment/ament_prefix_path.dsv
[0.588s] -- Installing: /home/ws/install/quadruped_bringup/share/quadruped_bringup/environment/path.sh
[0.588s] -- Installing: /home/ws/install/quadruped_bringup/share/quadruped_bringup/environment/path.dsv
[0.588s] -- Installing: /home/ws/install/quadruped_bringup/share/quadruped_bringup/local_setup.bash
[0.588s] -- Installing: /home/ws/install/quadruped_bringup/share/quadruped_bringup/local_setup.sh
[0.588s] -- Installing: /home/ws/install/quadruped_bringup/share/quadruped_bringup/local_setup.zsh
[0.588s] -- Installing: /home/ws/install/quadruped_bringup/share/quadruped_bringup/local_setup.dsv
[0.588s] -- Installing: /home/ws/install/quadruped_bringup/share/quadruped_bringup/package.dsv
[0.588s] -- Installing: /home/ws/install/quadruped_bringup/share/ament_index/resource_index/packages/quadruped_bringup
[0.588s] -- Installing: /home/ws/install/quadruped_bringup/share/quadruped_bringup/cmake/quadruped_bringupConfig.cmake
[0.588s] -- Installing: /home/ws/install/quadruped_bringup/share/quadruped_bringup/cmake/quadruped_bringupConfig-version.cmake
[0.588s] -- Installing: /home/ws/install/quadruped_bringup/share/quadruped_bringup/package.xml
[0.589s] Invoked command in '/home/ws/build/quadruped_bringup' returned '0': CMAKE_PREFIX_PATH=${CMAKE_PREFIX_PATH}:/opt/ros/jazzy /usr/bin/cmake --install /home/ws/build/quadruped_bringup
