-- The C compiler identification is GNU 13.3.0
-- The CXX compiler identification is GNU 13.3.0
-- Detecting C compiler ABI info
-- Detecting C compiler ABI info - done
-- Check for working C compiler: /usr/bin/cc - skipped
-- Detecting C compile features
-- Detecting C compile features - done
-- Detecting CXX compiler ABI info
-- Detecting CXX compiler ABI info - done
-- Check for working CXX compiler: /usr/bin/c++ - skipped
-- Detecting CXX compile features
-- Detecting CXX compile features - done
-- Found ament_cmake: 2.5.4 (/opt/ros/jazzy/share/ament_cmake/cmake)
-- Found Python3: /usr/bin/python3 (found version "3.12.3") found components: Interpreter 
-- Found ament_lint_auto: 0.17.3 (/opt/ros/jazzy/share/ament_lint_auto/cmake)
-- Added test 'flake8' to check Python code syntax and style conventions
-- Configured 'flake8' exclude dirs and/or files: 
-- Added test 'lint_cmake' to check CMake code style
-- Added test 'pep257' to check Python code against some of the docstring style conventions in PEP 257
-- Added test 'xmllint' to check XML markup files
-- Configuring done (0.5s)
-- Generating done (0.0s)
-- Build files have been written to: /home/ws/build/robot_urdf
-- Install configuration: ""
-- Installing: /home/ws/install/robot_urdf/share/robot_urdf/urdf
-- Installing: /home/ws/install/robot_urdf/share/robot_urdf/urdf/joint_interfaces.xacro
-- Installing: /home/ws/install/robot_urdf/share/robot_urdf/urdf/properties_real.xacro
-- Installing: /home/ws/install/robot_urdf/share/robot_urdf/urdf/sensors.xacro
-- Installing: /home/ws/install/robot_urdf/share/robot_urdf/urdf/meshes
-- Installing: /home/ws/install/robot_urdf/share/robot_urdf/urdf/meshes/Thigh.STL
-- Installing: /home/ws/install/robot_urdf/share/robot_urdf/urdf/meshes/Front Right Thigh.STL
-- Installing: /home/ws/install/robot_urdf/share/robot_urdf/urdf/meshes/Front Right Shin.STL
-- Installing: /home/ws/install/robot_urdf/share/robot_urdf/urdf/meshes/Front Left Thigh.STL
-- Installing: /home/ws/install/robot_urdf/share/robot_urdf/urdf/meshes/Rear Right Shin.STL
-- Installing: /home/ws/install/robot_urdf/share/robot_urdf/urdf/meshes/Front Left Shin.STL
-- Installing: /home/ws/install/robot_urdf/share/robot_urdf/urdf/meshes/Rear Right Thigh.STL
-- Installing: /home/ws/install/robot_urdf/share/robot_urdf/urdf/meshes/Rear Left Thigh.STL
-- Installing: /home/ws/install/robot_urdf/share/robot_urdf/urdf/meshes/Body_bin.STL
-- Installing: /home/ws/install/robot_urdf/share/robot_urdf/urdf/meshes/Shin.STL
-- Installing: /home/ws/install/robot_urdf/share/robot_urdf/urdf/meshes/Rear Left Shin.STL
-- Installing: /home/ws/install/robot_urdf/share/robot_urdf/urdf/meshes/Body.STL
-- Installing: /home/ws/install/robot_urdf/share/robot_urdf/urdf/QuadrupedURDF_sim.urdf.xacro
-- Installing: /home/ws/install/robot_urdf/share/robot_urdf/urdf/properties.xacro
-- Installing: /home/ws/install/robot_urdf/share/robot_urdf/urdf/materials.xacro
-- Installing: /home/ws/install/robot_urdf/share/robot_urdf/urdf/QuadrupedURDF_real.urdf.xacro
-- Installing: /home/ws/install/robot_urdf/share/robot_urdf/urdf/quadruped_ros2_control.xacro
-- Installing: /home/ws/install/robot_urdf/share/robot_urdf/urdf/body.xacro
-- Installing: /home/ws/install/robot_urdf/share/robot_urdf/urdf/leg.xacro
-- Installing: /home/ws/install/robot_urdf/share/robot_urdf/urdf/gazebo.xacro
-- Installing: /home/ws/install/robot_urdf/share/robot_urdf/config
-- Installing: /home/ws/install/robot_urdf/share/robot_urdf/config/initial_joint_positions.yaml
-- Installing: /home/ws/install/robot_urdf/share/robot_urdf/config/initial_joint_positions_real.yaml
-- Installing: /home/ws/install/robot_urdf/share/robot_urdf/launch
-- Installing: /home/ws/install/robot_urdf/share/robot_urdf/launch/real_urdf.launch.py
-- Installing: /home/ws/install/robot_urdf/share/robot_urdf/launch/sim_urdf.launch.py
-- Installing: /home/ws/install/robot_urdf/share/ament_index/resource_index/package_run_dependencies/robot_urdf
-- Installing: /home/ws/install/robot_urdf/share/ament_index/resource_index/parent_prefix_path/robot_urdf
-- Installing: /home/ws/install/robot_urdf/share/robot_urdf/environment/ament_prefix_path.sh
-- Installing: /home/ws/install/robot_urdf/share/robot_urdf/environment/ament_prefix_path.dsv
-- Installing: /home/ws/install/robot_urdf/share/robot_urdf/environment/path.sh
-- Installing: /home/ws/install/robot_urdf/share/robot_urdf/environment/path.dsv
-- Installing: /home/ws/install/robot_urdf/share/robot_urdf/local_setup.bash
-- Installing: /home/ws/install/robot_urdf/share/robot_urdf/local_setup.sh
-- Installing: /home/ws/install/robot_urdf/share/robot_urdf/local_setup.zsh
-- Installing: /home/ws/install/robot_urdf/share/robot_urdf/local_setup.dsv
-- Installing: /home/ws/install/robot_urdf/share/robot_urdf/package.dsv
-- Installing: /home/ws/install/robot_urdf/share/ament_index/resource_index/packages/robot_urdf
-- Installing: /home/ws/install/robot_urdf/share/robot_urdf/cmake/robot_urdfConfig.cmake
-- Installing: /home/ws/install/robot_urdf/share/robot_urdf/cmake/robot_urdfConfig-version.cmake
-- Installing: /home/ws/install/robot_urdf/share/robot_urdf/package.xml
