[0.008s] Invoking command in '/home/ws/build/robot_urdf': CMAKE_PREFIX_PATH=${CMAKE_PREFIX_PATH}:/opt/ros/jazzy /usr/bin/cmake /home/ws/src/robot_urdf -DCMAKE_INSTALL_PREFIX=/home/ws/install/robot_urdf
[0.047s] -- The C compiler identification is GNU 13.3.0
[0.084s] -- The CXX compiler identification is GNU 13.3.0
[0.095s] -- Detecting C compiler ABI info
[0.161s] -- Detecting C compiler ABI info - done
[0.168s] -- Check for working C compiler: /usr/bin/cc - skipped
[0.168s] -- Detecting C compile features
[0.169s] -- Detecting C compile features - done
[0.174s] -- Detecting CXX compiler ABI info
[0.243s] -- Detecting CXX compiler ABI info - done
[0.250s] -- Check for working CXX compiler: /usr/bin/c++ - skipped
[0.250s] -- Detecting CXX compile features
[0.250s] -- Detecting CXX compile features - done
[0.254s] -- Found ament_cmake: 2.5.4 (/opt/ros/jazzy/share/ament_cmake/cmake)
[0.382s] -- Found Python3: /usr/bin/python3 (found version "3.12.3") found components: Interpreter 
[0.465s] -- Found ament_lint_auto: 0.17.3 (/opt/ros/jazzy/share/ament_lint_auto/cmake)
[0.536s] -- Added test 'flake8' to check Python code syntax and style conventions
[0.536s] -- Configured 'flake8' exclude dirs and/or files: 
[0.536s] -- Added test 'lint_cmake' to check CMake code style
[0.537s] -- Added test 'pep257' to check Python code against some of the docstring style conventions in PEP 257
[0.538s] -- Added test 'xmllint' to check XML markup files
[0.538s] -- Configuring done (0.5s)
[0.540s] -- Generating done (0.0s)
[0.541s] -- Build files have been written to: /home/ws/build/robot_urdf
[0.544s] Invoked command in '/home/ws/build/robot_urdf' returned '0': CMAKE_PREFIX_PATH=${CMAKE_PREFIX_PATH}:/opt/ros/jazzy /usr/bin/cmake /home/ws/src/robot_urdf -DCMAKE_INSTALL_PREFIX=/home/ws/install/robot_urdf
[0.545s] Invoking command in '/home/ws/build/robot_urdf': CMAKE_PREFIX_PATH=${CMAKE_PREFIX_PATH}:/opt/ros/jazzy /usr/bin/cmake --build /home/ws/build/robot_urdf -- -j24 -l24
[0.582s] Invoked command in '/home/ws/build/robot_urdf' returned '0': CMAKE_PREFIX_PATH=${CMAKE_PREFIX_PATH}:/opt/ros/jazzy /usr/bin/cmake --build /home/ws/build/robot_urdf -- -j24 -l24
[0.583s] Invoking command in '/home/ws/build/robot_urdf': CMAKE_PREFIX_PATH=${CMAKE_PREFIX_PATH}:/opt/ros/jazzy /usr/bin/cmake --install /home/ws/build/robot_urdf
[0.589s] -- Install configuration: ""
[0.589s] -- Installing: /home/ws/install/robot_urdf/share/robot_urdf/urdf
[0.589s] -- Installing: /home/ws/install/robot_urdf/share/robot_urdf/urdf/joint_interfaces.xacro
[0.589s] -- Installing: /home/ws/install/robot_urdf/share/robot_urdf/urdf/properties_real.xacro
[0.589s] -- Installing: /home/ws/install/robot_urdf/share/robot_urdf/urdf/sensors.xacro
[0.589s] -- Installing: /home/ws/install/robot_urdf/share/robot_urdf/urdf/meshes
[0.589s] -- Installing: /home/ws/install/robot_urdf/share/robot_urdf/urdf/meshes/Thigh.STL
[0.590s] -- Installing: /home/ws/install/robot_urdf/share/robot_urdf/urdf/meshes/Front Right Thigh.STL
[0.591s] -- Installing: /home/ws/install/robot_urdf/share/robot_urdf/urdf/meshes/Front Right Shin.STL
[0.592s] -- Installing: /home/ws/install/robot_urdf/share/robot_urdf/urdf/meshes/Front Left Thigh.STL
[0.592s] -- Installing: /home/ws/install/robot_urdf/share/robot_urdf/urdf/meshes/Rear Right Shin.STL
[0.593s] -- Installing: /home/ws/install/robot_urdf/share/robot_urdf/urdf/meshes/Front Left Shin.STL
[0.594s] -- Installing: /home/ws/install/robot_urdf/share/robot_urdf/urdf/meshes/Rear Right Thigh.STL
[0.595s] -- Installing: /home/ws/install/robot_urdf/share/robot_urdf/urdf/meshes/Rear Left Thigh.STL
[0.595s] -- Installing: /home/ws/install/robot_urdf/share/robot_urdf/urdf/meshes/Body_bin.STL
[0.596s] -- Installing: /home/ws/install/robot_urdf/share/robot_urdf/urdf/meshes/Shin.STL
[0.596s] -- Installing: /home/ws/install/robot_urdf/share/robot_urdf/urdf/meshes/Rear Left Shin.STL
[0.597s] -- Installing: /home/ws/install/robot_urdf/share/robot_urdf/urdf/meshes/Body.STL
[0.602s] -- Installing: /home/ws/install/robot_urdf/share/robot_urdf/urdf/QuadrupedURDF_sim.urdf.xacro
[0.602s] -- Installing: /home/ws/install/robot_urdf/share/robot_urdf/urdf/properties.xacro
[0.602s] -- Installing: /home/ws/install/robot_urdf/share/robot_urdf/urdf/materials.xacro
[0.602s] -- Installing: /home/ws/install/robot_urdf/share/robot_urdf/urdf/QuadrupedURDF_real.urdf.xacro
[0.602s] -- Installing: /home/ws/install/robot_urdf/share/robot_urdf/urdf/quadruped_ros2_control.xacro
[0.602s] -- Installing: /home/ws/install/robot_urdf/share/robot_urdf/urdf/body.xacro
[0.602s] -- Installing: /home/ws/install/robot_urdf/share/robot_urdf/urdf/leg.xacro
[0.602s] -- Installing: /home/ws/install/robot_urdf/share/robot_urdf/urdf/gazebo.xacro
[0.602s] -- Installing: /home/ws/install/robot_urdf/share/robot_urdf/config
[0.602s] -- Installing: /home/ws/install/robot_urdf/share/robot_urdf/config/initial_joint_positions.yaml
[0.602s] -- Installing: /home/ws/install/robot_urdf/share/robot_urdf/config/initial_joint_positions_real.yaml
[0.602s] -- Installing: /home/ws/install/robot_urdf/share/robot_urdf/launch
[0.602s] -- Installing: /home/ws/install/robot_urdf/share/robot_urdf/launch/real_urdf.launch.py
[0.602s] -- Installing: /home/ws/install/robot_urdf/share/robot_urdf/launch/sim_urdf.launch.py
[0.602s] -- Installing: /home/ws/install/robot_urdf/share/ament_index/resource_index/package_run_dependencies/robot_urdf
[0.602s] -- Installing: /home/ws/install/robot_urdf/share/ament_index/resource_index/parent_prefix_path/robot_urdf
[0.602s] -- Installing: /home/ws/install/robot_urdf/share/robot_urdf/environment/ament_prefix_path.sh
[0.602s] -- Installing: /home/ws/install/robot_urdf/share/robot_urdf/environment/ament_prefix_path.dsv
[0.603s] -- Installing: /home/ws/install/robot_urdf/share/robot_urdf/environment/path.sh
[0.603s] -- Installing: /home/ws/install/robot_urdf/share/robot_urdf/environment/path.dsv
[0.603s] -- Installing: /home/ws/install/robot_urdf/share/robot_urdf/local_setup.bash
[0.603s] -- Installing: /home/ws/install/robot_urdf/share/robot_urdf/local_setup.sh
[0.603s] -- Installing: /home/ws/install/robot_urdf/share/robot_urdf/local_setup.zsh
[0.603s] -- Installing: /home/ws/install/robot_urdf/share/robot_urdf/local_setup.dsv
[0.603s] -- Installing: /home/ws/install/robot_urdf/share/robot_urdf/package.dsv
[0.603s] -- Installing: /home/ws/install/robot_urdf/share/ament_index/resource_index/packages/robot_urdf
[0.603s] -- Installing: /home/ws/install/robot_urdf/share/robot_urdf/cmake/robot_urdfConfig.cmake
[0.603s] -- Installing: /home/ws/install/robot_urdf/share/robot_urdf/cmake/robot_urdfConfig-version.cmake
[0.603s] -- Installing: /home/ws/install/robot_urdf/share/robot_urdf/package.xml
[0.604s] Invoked command in '/home/ws/build/robot_urdf' returned '0': CMAKE_PREFIX_PATH=${CMAKE_PREFIX_PATH}:/opt/ros/jazzy /usr/bin/cmake --install /home/ws/build/robot_urdf
