[ 20%] [32mBuilding CXX object CMakeFiles/mit_mini_cheeta_motor_driver.dir/src/ROS2_CAN_Motor.cpp.o[0m
[ 40%] [32m[1mLinking CXX shared library libmit_mini_cheeta_motor_driver.so[0m
[100%] Built target mit_mini_cheeta_motor_driver
-- Install configuration: ""
-- Up-to-date: /home/ws/install/mit_mini_cheeta_motor_driver/share/mit_mini_cheeta_motor_driver/ros2CANMotor_Description.xml
-- Up-to-date: /home/ws/install/mit_mini_cheeta_motor_driver/share/mit_mini_cheeta_motor_driver/launch
-- Up-to-date: /home/ws/install/mit_mini_cheeta_motor_driver/share/mit_mini_cheeta_motor_driver/launch/controller_manager.launch.py
-- Up-to-date: /home/ws/install/mit_mini_cheeta_motor_driver/share/mit_mini_cheeta_motor_driver/config
-- Installing: /home/ws/install/mit_mini_cheeta_motor_driver/lib/libmit_mini_cheeta_motor_driver.so
-- Set non-toolchain portion of runtime path of "/home/ws/install/mit_mini_cheeta_motor_driver/lib/libmit_mini_cheeta_motor_driver.so" to ""
-- Up-to-date: /home/ws/install/mit_mini_cheeta_motor_driver/include
-- Up-to-date: /home/ws/install/mit_mini_cheeta_motor_driver/include/mit_mini_cheeta_motor_driver
-- Up-to-date: /home/ws/install/mit_mini_cheeta_motor_driver/include/mit_mini_cheeta_motor_driver/MotorDriver.hpp
-- Installing: /home/ws/install/mit_mini_cheeta_motor_driver/include/mit_mini_cheeta_motor_driver/ROS2_CAN_Motor.hpp
-- Up-to-date: /home/ws/install/mit_mini_cheeta_motor_driver/include/mit_mini_cheeta_motor_driver/watchdog.hpp
-- Up-to-date: /home/ws/install/mit_mini_cheeta_motor_driver/include/mit_mini_cheeta_motor_driver/hex_utils.hpp
-- Up-to-date: /home/ws/install/mit_mini_cheeta_motor_driver/include/mit_mini_cheeta_motor_driver/CANInterface.hpp
-- Up-to-date: /home/ws/install/mit_mini_cheeta_motor_driver/include/mit_mini_cheeta_motor_driver/ROS2_CAN_Interface.hpp
-- Up-to-date: /home/ws/install/mit_mini_cheeta_motor_driver/share/mit_mini_cheeta_motor_driver/environment/library_path.sh
-- Up-to-date: /home/ws/install/mit_mini_cheeta_motor_driver/share/mit_mini_cheeta_motor_driver/environment/library_path.dsv
-- Up-to-date: /home/ws/install/mit_mini_cheeta_motor_driver/share/ament_index/resource_index/package_run_dependencies/mit_mini_cheeta_motor_driver
-- Up-to-date: /home/ws/install/mit_mini_cheeta_motor_driver/share/ament_index/resource_index/parent_prefix_path/mit_mini_cheeta_motor_driver
-- Up-to-date: /home/ws/install/mit_mini_cheeta_motor_driver/share/mit_mini_cheeta_motor_driver/environment/ament_prefix_path.sh
-- Up-to-date: /home/ws/install/mit_mini_cheeta_motor_driver/share/mit_mini_cheeta_motor_driver/environment/ament_prefix_path.dsv
-- Up-to-date: /home/ws/install/mit_mini_cheeta_motor_driver/share/mit_mini_cheeta_motor_driver/environment/path.sh
-- Up-to-date: /home/ws/install/mit_mini_cheeta_motor_driver/share/mit_mini_cheeta_motor_driver/environment/path.dsv
-- Up-to-date: /home/ws/install/mit_mini_cheeta_motor_driver/share/mit_mini_cheeta_motor_driver/local_setup.bash
-- Up-to-date: /home/ws/install/mit_mini_cheeta_motor_driver/share/mit_mini_cheeta_motor_driver/local_setup.sh
-- Up-to-date: /home/ws/install/mit_mini_cheeta_motor_driver/share/mit_mini_cheeta_motor_driver/local_setup.zsh
-- Up-to-date: /home/ws/install/mit_mini_cheeta_motor_driver/share/mit_mini_cheeta_motor_driver/local_setup.dsv
-- Installing: /home/ws/install/mit_mini_cheeta_motor_driver/share/mit_mini_cheeta_motor_driver/package.dsv
-- Up-to-date: /home/ws/install/mit_mini_cheeta_motor_driver/share/ament_index/resource_index/packages/mit_mini_cheeta_motor_driver
-- Up-to-date: /home/ws/install/mit_mini_cheeta_motor_driver/share/ament_index/resource_index/hardware_interface__pluginlib__plugin/mit_mini_cheeta_motor_driver
-- Up-to-date: /home/ws/install/mit_mini_cheeta_motor_driver/share/mit_mini_cheeta_motor_driver/cmake/ament_cmake_export_dependencies-extras.cmake
-- Up-to-date: /home/ws/install/mit_mini_cheeta_motor_driver/share/mit_mini_cheeta_motor_driver/cmake/ament_cmake_export_include_directories-extras.cmake
-- Up-to-date: /home/ws/install/mit_mini_cheeta_motor_driver/share/mit_mini_cheeta_motor_driver/cmake/ament_cmake_export_libraries-extras.cmake
-- Up-to-date: /home/ws/install/mit_mini_cheeta_motor_driver/share/mit_mini_cheeta_motor_driver/cmake/mit_mini_cheeta_motor_driverConfig.cmake
-- Up-to-date: /home/ws/install/mit_mini_cheeta_motor_driver/share/mit_mini_cheeta_motor_driver/cmake/mit_mini_cheeta_motor_driverConfig-version.cmake
-- Up-to-date: /home/ws/install/mit_mini_cheeta_motor_driver/share/mit_mini_cheeta_motor_driver/package.xml
