[0.008s] Invoking command in '/home/ws/build/mit_mini_cheeta_motor_driver': CMAKE_PREFIX_PATH=${CMAKE_PREFIX_PATH}:/opt/ros/jazzy /usr/bin/cmake --build /home/ws/build/mit_mini_cheeta_motor_driver -- -j24 -l24
[0.055s] [ 20%] [32mBuilding CXX object CMakeFiles/mit_mini_cheeta_motor_driver.dir/src/ROS2_CAN_Motor.cpp.o[0m
[3.130s] [ 40%] [32m[1mLinking CXX shared library libmit_mini_cheeta_motor_driver.so[0m
[3.262s] [100%] Built target mit_mini_cheeta_motor_driver
[3.273s] Invoked command in '/home/ws/build/mit_mini_cheeta_motor_driver' returned '0': CMAKE_PREFIX_PATH=${CMAKE_PREFIX_PATH}:/opt/ros/jazzy /usr/bin/cmake --build /home/ws/build/mit_mini_cheeta_motor_driver -- -j24 -l24
[3.274s] Invoking command in '/home/ws/build/mit_mini_cheeta_motor_driver': CMAKE_PREFIX_PATH=${CMAKE_PREFIX_PATH}:/opt/ros/jazzy /usr/bin/cmake --install /home/ws/build/mit_mini_cheeta_motor_driver
[3.281s] -- Install configuration: ""
[3.281s] -- Up-to-date: /home/ws/install/mit_mini_cheeta_motor_driver/share/mit_mini_cheeta_motor_driver/ros2CANMotor_Description.xml
[3.281s] -- Up-to-date: /home/ws/install/mit_mini_cheeta_motor_driver/share/mit_mini_cheeta_motor_driver/launch
[3.281s] -- Up-to-date: /home/ws/install/mit_mini_cheeta_motor_driver/share/mit_mini_cheeta_motor_driver/launch/controller_manager.launch.py
[3.281s] -- Up-to-date: /home/ws/install/mit_mini_cheeta_motor_driver/share/mit_mini_cheeta_motor_driver/config
[3.281s] -- Installing: /home/ws/install/mit_mini_cheeta_motor_driver/lib/libmit_mini_cheeta_motor_driver.so
[3.282s] -- Set non-toolchain portion of runtime path of "/home/ws/install/mit_mini_cheeta_motor_driver/lib/libmit_mini_cheeta_motor_driver.so" to ""
[3.282s] -- Up-to-date: /home/ws/install/mit_mini_cheeta_motor_driver/include
[3.282s] -- Up-to-date: /home/ws/install/mit_mini_cheeta_motor_driver/include/mit_mini_cheeta_motor_driver
[3.282s] -- Up-to-date: /home/ws/install/mit_mini_cheeta_motor_driver/include/mit_mini_cheeta_motor_driver/MotorDriver.hpp
[3.282s] -- Installing: /home/ws/install/mit_mini_cheeta_motor_driver/include/mit_mini_cheeta_motor_driver/ROS2_CAN_Motor.hpp
[3.282s] -- Up-to-date: /home/ws/install/mit_mini_cheeta_motor_driver/include/mit_mini_cheeta_motor_driver/watchdog.hpp
[3.282s] -- Up-to-date: /home/ws/install/mit_mini_cheeta_motor_driver/include/mit_mini_cheeta_motor_driver/hex_utils.hpp
[3.282s] -- Up-to-date: /home/ws/install/mit_mini_cheeta_motor_driver/include/mit_mini_cheeta_motor_driver/CANInterface.hpp
[3.282s] -- Up-to-date: /home/ws/install/mit_mini_cheeta_motor_driver/include/mit_mini_cheeta_motor_driver/ROS2_CAN_Interface.hpp
[3.282s] -- Up-to-date: /home/ws/install/mit_mini_cheeta_motor_driver/share/mit_mini_cheeta_motor_driver/environment/library_path.sh
[3.282s] -- Up-to-date: /home/ws/install/mit_mini_cheeta_motor_driver/share/mit_mini_cheeta_motor_driver/environment/library_path.dsv
[3.282s] -- Up-to-date: /home/ws/install/mit_mini_cheeta_motor_driver/share/ament_index/resource_index/package_run_dependencies/mit_mini_cheeta_motor_driver
[3.282s] -- Up-to-date: /home/ws/install/mit_mini_cheeta_motor_driver/share/ament_index/resource_index/parent_prefix_path/mit_mini_cheeta_motor_driver
[3.282s] -- Up-to-date: /home/ws/install/mit_mini_cheeta_motor_driver/share/mit_mini_cheeta_motor_driver/environment/ament_prefix_path.sh
[3.282s] -- Up-to-date: /home/ws/install/mit_mini_cheeta_motor_driver/share/mit_mini_cheeta_motor_driver/environment/ament_prefix_path.dsv
[3.282s] -- Up-to-date: /home/ws/install/mit_mini_cheeta_motor_driver/share/mit_mini_cheeta_motor_driver/environment/path.sh
[3.283s] -- Up-to-date: /home/ws/install/mit_mini_cheeta_motor_driver/share/mit_mini_cheeta_motor_driver/environment/path.dsv
[3.283s] -- Up-to-date: /home/ws/install/mit_mini_cheeta_motor_driver/share/mit_mini_cheeta_motor_driver/local_setup.bash
[3.283s] -- Up-to-date: /home/ws/install/mit_mini_cheeta_motor_driver/share/mit_mini_cheeta_motor_driver/local_setup.sh
[3.283s] -- Up-to-date: /home/ws/install/mit_mini_cheeta_motor_driver/share/mit_mini_cheeta_motor_driver/local_setup.zsh
[3.283s] -- Up-to-date: /home/ws/install/mit_mini_cheeta_motor_driver/share/mit_mini_cheeta_motor_driver/local_setup.dsv
[3.283s] -- Installing: /home/ws/install/mit_mini_cheeta_motor_driver/share/mit_mini_cheeta_motor_driver/package.dsv
[3.283s] -- Up-to-date: /home/ws/install/mit_mini_cheeta_motor_driver/share/ament_index/resource_index/packages/mit_mini_cheeta_motor_driver
[3.283s] -- Up-to-date: /home/ws/install/mit_mini_cheeta_motor_driver/share/ament_index/resource_index/hardware_interface__pluginlib__plugin/mit_mini_cheeta_motor_driver
[3.283s] -- Up-to-date: /home/ws/install/mit_mini_cheeta_motor_driver/share/mit_mini_cheeta_motor_driver/cmake/ament_cmake_export_dependencies-extras.cmake
[3.283s] -- Up-to-date: /home/ws/install/mit_mini_cheeta_motor_driver/share/mit_mini_cheeta_motor_driver/cmake/ament_cmake_export_include_directories-extras.cmake
[3.283s] -- Up-to-date: /home/ws/install/mit_mini_cheeta_motor_driver/share/mit_mini_cheeta_motor_driver/cmake/ament_cmake_export_libraries-extras.cmake
[3.283s] -- Up-to-date: /home/ws/install/mit_mini_cheeta_motor_driver/share/mit_mini_cheeta_motor_driver/cmake/mit_mini_cheeta_motor_driverConfig.cmake
[3.283s] -- Up-to-date: /home/ws/install/mit_mini_cheeta_motor_driver/share/mit_mini_cheeta_motor_driver/cmake/mit_mini_cheeta_motor_driverConfig-version.cmake
[3.283s] -- Up-to-date: /home/ws/install/mit_mini_cheeta_motor_driver/share/mit_mini_cheeta_motor_driver/package.xml
[3.284s] Invoked command in '/home/ws/build/mit_mini_cheeta_motor_driver' returned '0': CMAKE_PREFIX_PATH=${CMAKE_PREFIX_PATH}:/opt/ros/jazzy /usr/bin/cmake --install /home/ws/build/mit_mini_cheeta_motor_driver
